Determining if the pthread_create exist failed with the following output:
Change Dir: /home/metalleg/CLionProjects/smetanka/cmake-build-debug/CMakeFiles/CMakeTmp

Run Build Command:"/usr/bin/make" "cmTC_b3ecd/fast"
/usr/bin/make -f CMakeFiles/cmTC_b3ecd.dir/build.make CMakeFiles/cmTC_b3ecd.dir/build
make[1]: вход в каталог «/home/metalleg/CLionProjects/smetanka/cmake-build-debug/CMakeFiles/CMakeTmp»
Building C object CMakeFiles/cmTC_b3ecd.dir/CheckSymbolExists.c.o
/usr/bin/cc   -std=gnu11 -o CMakeFiles/cmTC_b3ecd.dir/CheckSymbolExists.c.o   -c /home/metalleg/CLionProjects/smetanka/cmake-build-debug/CMakeFiles/CMakeTmp/CheckSymbolExists.c
Linking C executable cmTC_b3ecd
/home/metalleg/.local/share/JetBrains/Toolbox/apps/CLion/ch-0/181.4668.70/bin/cmake/bin/cmake -E cmake_link_script CMakeFiles/cmTC_b3ecd.dir/link.txt --verbose=1
/usr/bin/cc      CMakeFiles/cmTC_b3ecd.dir/CheckSymbolExists.c.o  -o cmTC_b3ecd 
CMakeFiles/cmTC_b3ecd.dir/CheckSymbolExists.c.o: In function `main':
CheckSymbolExists.c:(.text+0x1b): undefined reference to `pthread_create'
collect2: error: ld returned 1 exit status
CMakeFiles/cmTC_b3ecd.dir/build.make:97: recipe for target 'cmTC_b3ecd' failed
make[1]: *** [cmTC_b3ecd] Error 1
make[1]: выход из каталога «/home/metalleg/CLionProjects/smetanka/cmake-build-debug/CMakeFiles/CMakeTmp»
Makefile:126: recipe for target 'cmTC_b3ecd/fast' failed
make: *** [cmTC_b3ecd/fast] Error 2

File /home/metalleg/CLionProjects/smetanka/cmake-build-debug/CMakeFiles/CMakeTmp/CheckSymbolExists.c:
/* */
#include <pthread.h>

int main(int argc, char** argv)
{
  (void)argv;
#ifndef pthread_create
  return ((int*)(&pthread_create))[argc];
#else
  (void)argc;
  return 0;
#endif
}

